2026-06-22 01:58:47.849: [INFO] VisibilityChanged: 0
2026-06-22 01:58:47.880: [INFO] RecordSyncInitDuration has_sync_been_enabled: 0 state: 0
2026-06-22 01:58:47.882: [INFO] RecordSyncInitDuration has_sync_been_enabled: 0 state: 0
2026-06-22 01:58:47.883: [INFO] RecordSyncInitDuration has_sync_been_enabled: 0 state: 0
2026-06-22 01:58:47.885: [INFO] RecordSyncInitDuration has_sync_been_enabled: 0 state: 0
2026-06-22 01:58:47.886: [INFO] RecordSyncInitDuration has_sync_been_enabled: 0 state: 0
2026-06-22 01:58:47.888: [INFO] RecordSyncInitDuration has_sync_been_enabled: 0 state: 0
2026-06-22 01:58:47.889: [INFO] RecordSyncInitDuration has_sync_been_enabled: 0 state: 0
2026-06-22 01:58:47.891: [INFO] RecordSyncInitDuration has_sync_been_enabled: 0 state: 0
2026-06-22 01:58:47.892: [INFO] RecordSyncInitDuration has_sync_been_enabled: 0 state: 0
2026-06-22 01:58:47.894: [INFO] RecordSyncInitDuration has_sync_been_enabled: 0 state: 0
2026-06-22 01:58:47.895: [INFO] RecordSyncInitDuration has_sync_been_enabled: 0 state: 0
2026-06-22 01:58:47.904: [INFO] BookmarkModelLoaded, ids_reassigned: 0
2026-06-22 01:58:47.904: [INFO] OnDoneLoading sync enabled: 0
2026-06-22 01:58:47.944: [INFO] RecordSyncInitDuration has_sync_been_enabled: 0 state: 0
2026-06-22 01:58:49.910: [INFO] RecordSyncInitDuration has_sync_been_enabled: 0 state: 0
2026-06-22 01:58:49.933: [INFO] RecordSyncInitDuration has_sync_been_enabled: 0 state: 3
2026-06-22 01:58:49.950: [INFO] Primary account changed.
2026-06-22 01:58:49.950: [INFO] OnPrimaryAccountChanged PrimaryAccountChangeEvent::Type::kSet
2026-06-22 01:58:49.955: [INFO] RecordSyncInitDuration has_sync_been_enabled: 0 state: 3
2026-06-22 01:58:52.144: [INFO] Sync initialization duration: 1877ms
2026-06-22 02:07:38.511: [INFO] VisibilityChanged: 0
2026-06-22 02:07:38.559: [INFO] BookmarkModelLoaded, ids_reassigned: 0
2026-06-22 02:07:38.559: [INFO] OnDoneLoading sync enabled: 1
2026-06-22 02:07:47.197: [INFO] Sync initialization duration: 679ms
2026-06-22 02:17:01.214: [INFO] VisibilityChanged: 0
2026-06-22 02:17:01.262: [INFO] BookmarkModelLoaded, ids_reassigned: 0
2026-06-22 02:17:01.262: [INFO] OnDoneLoading sync enabled: 0
2026-06-22 02:17:03.253: [INFO] Primary account changed.
2026-06-22 02:17:03.253: [INFO] OnPrimaryAccountChanged PrimaryAccountChangeEvent::Type::kSet
2026-06-22 02:17:04.752: [INFO] Sync initialization duration: 3490ms
