{"logTime": "0622/015851", "correlationVector":"6gQ5aP89oE118DxThG2czx.1","action":"SyncServerConnectionManagerRequest", "result":"SYNC_SERVER_OK", "context":{"environment":"Prod_brazilsouth_prod-s01-034-sam-brazilsouth", "migrationStage":"NotStarted", "server":"akswtt10100001a"}}
{"logTime": "0622/015851", "correlationVector":"6gQ5aP89oE118DxThG2czx.2","action":"ProcessGetUpdates", "result":"Done", "context":{"dataType":"Encryption Keys", "deleted":"0", "process_failed_to_decrypt":"0", "process_pending_decryption":"0", "process_success":"1", "total":"1"}}
{"logTime": "0622/015851", "correlationVector":"tOPzJU9wuuPZEBMSciObaL","action":"SyncServerConnectionManagerRequest", "result":"SYNC_SERVER_OK", "context":{"environment":"", "migrationStage":"", "server":""}}
{"logTime": "0622/015851", "correlationVector":"tOPzJU9wuuPZEBMSciObaL.0","action":"EncryptionKeysFetcher.DownloadKeys:", "result":"Success", "context":Key count: 10, Last key timestamp: 2026-05-24T16:24:04Z}
{"logTime": "0622/015851", "correlationVector":"tOPzJU9wuuPZEBMSciObaL.1","action":"EncryptionKeysManager::SetEncryptionKeys:", "result":"Success", "context":Key names[10]:[cKLi0/k8jsxOZ5UD0lnl+XnoZg9feqzuhI6G8+w4nVEo/6ciZYshyQquY88DQAg9WtaWQhuox4OrsA08n59ZmA==][SQ0tfFJVtw2jtmbFsszJyAJonJrL18EMSjsyscfVzxWrRQl7QiBA4hzkxDCaUPHUtYZPkDLUccWwoEYuI1r0Wg==][Y8Iqgx9/JH+FhdStJ+nLEWq+guxIWqJxFBb2XbkEQ5w+YCpaodw7zDjdXYg29mM7w0QiV2/eu12ioD7oQSoNrA==][SML4z+ptNvA8h4c/LeBhmBcSQukkmr0ferezf8wMMYSAvq0g6eqFcGqH7UgMVYfrkvLofvwNmb8mO4L0rdqNEQ==][rmrGOu4jOeHQPp3KQ07ECMmyP2SG7iK84/XnKUPyxLuPoeRL6eHygvBXacAIypR0XawZMw6K1G31vGTjliyQwA==][xM41LQcixdaqXnCvO5BC8ZBE+jM+hFdjkxZ8QSE3Y0aDWbU31eH+g+Oyz0KRiytVP0KpFntlvUzWbeeIWZIAUw==][c4cwMxgnQ2Jhty4CbBL7bLrc0JBBvpl3ys0I2MtQa1yqCwHY/G1mi8p3tBBnwYlLzTCFwKb28GvhueCP4oKZuA==][zkj02vCenjo9+AjEqEQoG01Kzh7q6U+ZdN9K6bySAC6oYtSsfsW2qjj2Ii+VYLHiyaeRsYshXCpJ7A2qmSvexw==][9AJXVcnoWpX415OLwhkXMr1ASitUE1dSwEJqJU1430GBVySHrZGF2R+b9rOlN2HsOAQY//dereXq1ZNIqeRjPA==][Qc8V0irKuVIRxzraHo4zkz9kgzvKwEMMwkGc2XvO/yjnIQZ2qtmnuZKYgfEQ2zn9zAwgg8OmPMXyfbe5p83qtQ==]}
{"logTime": "0622/015851", "correlationVector":"tOPzJU9wuuPZEBMSciObaL.2","action":"EncryptionKeysManager::SetEncryptionKeysWithTimestamps:", "result":"Success", "context":Key timestamps[10]:[2023-09-18T00:46:22Z][2024-02-18T02:48:14Z][2024-05-20T13:57:10Z][2024-05-28T14:07:41Z][2024-08-09T12:43:37Z][2024-10-21T16:15:29Z][2025-03-04T17:05:30Z][2025-09-03T10:07:40Z][2026-05-15T01:09:18Z][2026-05-24T16:24:04Z]}
{"logTime": "0622/015851", "correlationVector":"6gQ5aP89oE118DxThG2czx","action":"Initial GetUpdates", "result":"", "context":Reason: NEW_CLIENT. cV=6gQ5aP89oE118DxThG2czx}
{"logTime": "0622/015851", "correlationVector":"6gQ5aP89oE118DxThG2czx.3","action":"GetUpdates Response", "result":"Success", "context":Received 1 update(s). cV=6gQ5aP89oE118DxThG2czx.0;server=akswtt10100001a;cloudType=Consumer;environment=Prod_brazilsouth_prod-s01-034-sam-brazilsouth;migrationStage=NotStarted}
{"logTime": "0622/015851", "correlationVector":"4UdOPxSXCGliPT4b0SpOye","action":"Initial GetUpdates", "result":"", "context":Reason: NEWLY_SUPPORTED_DATATYPE. cV=4UdOPxSXCGliPT4b0SpOye}
{"logTime": "0622/015851", "correlationVector":"4UdOPxSXCGliPT4b0SpOye.1","action":"SyncServerConnectionManagerRequest", "result":"SYNC_SERVER_OK", "context":{"environment":"Prod_brazilsouth_prod-s01-034-sam-brazilsouth", "migrationStage":"NotStarted", "server":"akswtt10100001w"}}
{"logTime": "0622/015851", "correlationVector":"4UdOPxSXCGliPT4b0SpOye.2","action":"ProcessGetUpdates", "result":"Done", "context":{"dataType":"Preferences", "deleted":"0", "process_failed_to_decrypt":"0", "process_pending_decryption":"0", "process_success":"73", "total":"73"}}
{"logTime": "0622/015851", "correlationVector":"4UdOPxSXCGliPT4b0SpOye.3","action":"ProcessGetUpdates", "result":"Done", "context":{"dataType":"Passwords", "deleted":"0", "process_failed_to_decrypt":"0", "process_pending_decryption":"0", "process_success":"1", "total":"1"}}
{"logTime": "0622/015851", "correlationVector":"4UdOPxSXCGliPT4b0SpOye.4","action":"ProcessGetUpdates", "result":"Done", "context":{"dataType":"Device Info", "deleted":"0", "process_failed_to_decrypt":"0", "process_pending_decryption":"0", "process_success":"7", "total":"7"}}
{"logTime": "0622/015851", "correlationVector":"4UdOPxSXCGliPT4b0SpOye.5","action":"GetUpdates Response", "result":"Success", "context":Received 81 update(s). cV=4UdOPxSXCGliPT4b0SpOye.0;server=akswtt10100001w;cloudType=Consumer;environment=Prod_brazilsouth_prod-s01-034-sam-brazilsouth;migrationStage=NotStarted}
{"logTime": "0622/015851", "correlationVector":"pAoBI09BofqX2WFFyNbJ13","action":"Initial GetUpdates", "result":"", "context":Reason: NEWLY_SUPPORTED_DATATYPE. cV=pAoBI09BofqX2WFFyNbJ13}
{"logTime": "0622/015852", "correlationVector":"pAoBI09BofqX2WFFyNbJ13.1","action":"SyncServerConnectionManagerRequest", "result":"SYNC_SERVER_OK", "context":{"environment":"Prod_brazilsouth_prod-s01-034-sam-brazilsouth", "migrationStage":"NotStarted", "server":"akswtt10100001e"}}
{"logTime": "0622/015852", "correlationVector":"pAoBI09BofqX2WFFyNbJ13.2","action":"ProcessGetUpdates", "result":"Done", "context":{"dataType":"Bookmarks", "deleted":"0", "process_failed_to_decrypt":"0", "process_pending_decryption":"0", "process_success":"6", "total":"6"}}
{"logTime": "0622/015852", "correlationVector":"pAoBI09BofqX2WFFyNbJ13.3","action":"GetUpdates Response", "result":"Success", "context":Received 6 update(s). cV=pAoBI09BofqX2WFFyNbJ13.0;server=akswtt10100001e;cloudType=Consumer;environment=Prod_brazilsouth_prod-s01-034-sam-brazilsouth;migrationStage=NotStarted}
{"logTime": "0622/015852", "correlationVector":"5QZGbckgDvoa5VbLZOJ6Dh","action":"Initial GetUpdates", "result":"", "context":Reason: NEWLY_SUPPORTED_DATATYPE. cV=5QZGbckgDvoa5VbLZOJ6Dh}
{"logTime": "0622/015852", "correlationVector":"5QZGbckgDvoa5VbLZOJ6Dh.1","action":"SyncServerConnectionManagerRequest", "result":"SYNC_SERVER_OK", "context":{"environment":"Prod_brazilsouth_prod-s01-034-sam-brazilsouth", "migrationStage":"NotStarted", "server":"akswtt101000018"}}
{"logTime": "0622/015852", "correlationVector":"5QZGbckgDvoa5VbLZOJ6Dh.2","action":"ProcessGetUpdates", "result":"Done", "context":{"dataType":"Autofill", "deleted":"0", "process_failed_to_decrypt":"0", "process_pending_decryption":"0", "process_success":"7", "total":"7"}}
{"logTime": "0622/015852", "correlationVector":"5QZGbckgDvoa5VbLZOJ6Dh.3","action":"ProcessGetUpdates", "result":"Done", "context":{"dataType":"Extensions", "deleted":"0", "process_failed_to_decrypt":"0", "process_pending_decryption":"0", "process_success":"5", "total":"5"}}
{"logTime": "0622/015852", "correlationVector":"5QZGbckgDvoa5VbLZOJ6Dh.4","action":"GetUpdates Response", "result":"Success", "context":Received 12 update(s). cV=5QZGbckgDvoa5VbLZOJ6Dh.0;server=akswtt101000018;cloudType=Consumer;environment=Prod_brazilsouth_prod-s01-034-sam-brazilsouth;migrationStage=NotStarted}
{"logTime": "0622/015852", "correlationVector":"cmD7AguO7NAVdkgYxq1mwM","action":"Initial GetUpdates", "result":"", "context":Reason: NEWLY_SUPPORTED_DATATYPE. cV=cmD7AguO7NAVdkgYxq1mwM}
{"logTime": "0622/015852", "correlationVector":"cmD7AguO7NAVdkgYxq1mwM.1","action":"SyncServerConnectionManagerRequest", "result":"SYNC_SERVER_OK", "context":{"environment":"Prod_brazilsouth_prod-s01-034-sam-brazilsouth", "migrationStage":"NotStarted", "server":"akswtt10100001e"}}
{"logTime": "0622/015852", "correlationVector":"cmD7AguO7NAVdkgYxq1mwM.2","action":"GetUpdates Response", "result":"Success", "context":Received 0 update(s). cV=cmD7AguO7NAVdkgYxq1mwM.0;server=akswtt10100001e;cloudType=Consumer;environment=Prod_brazilsouth_prod-s01-034-sam-brazilsouth;migrationStage=NotStarted}
{"logTime": "0622/015852", "correlationVector":"0oEz4nJV6lV3Oaruy9PJh7","action":"Normal GetUpdate request", "result":"", "context":cV=0oEz4nJV6lV3Oaruy9PJh7
Nudged types: Preferences, Sessions, Device Info, User Consents
Refresh requested types: Bookmarks, Preferences, Passwords, Autofill Profiles, Autofill, Extensions, Sessions, Extension settings, History Delete Directives, Device Info, User Consents, Send Tab To Self, Web Apps, History, Saved Tab Group, WebAuthn Credentials, Edge E Drop, Edge Hub App Usage, Edge Wallet, Edge Workspace, Encryption Keys}
{"logTime": "0622/015852", "correlationVector":"0oEz4nJV6lV3Oaruy9PJh7.1","action":"SyncServerConnectionManagerRequest", "result":"SYNC_SERVER_OK", "context":{"environment":"Prod_brazilsouth_prod-s01-034-sam-brazilsouth", "migrationStage":"NotStarted", "server":"akswtt10100001w"}}
{"logTime": "0622/015852", "correlationVector":"0oEz4nJV6lV3Oaruy9PJh7.2","action":"GetUpdates Response", "result":"Success", "context":Received 0 update(s). cV=0oEz4nJV6lV3Oaruy9PJh7.0;server=akswtt10100001w;cloudType=Consumer;environment=Prod_brazilsouth_prod-s01-034-sam-brazilsouth;migrationStage=NotStarted}
{"logTime": "0622/015852", "correlationVector":"JFV7TPuWFBXtF7onFmp1w1","action":"Commit Request", "result":"", "context":Item count: 6
Contributing types: Preferences, Sessions, Device Info, User Consents}
{"logTime": "0622/015852", "correlationVector":"JFV7TPuWFBXtF7onFmp1w1.1","action":"SyncServerConnectionManagerRequest", "result":"SYNC_SERVER_OK", "context":{"environment":"Prod_brazilsouth_prod-s01-034-sam-brazilsouth", "migrationStage":"NotStarted", "server":"akswtt10100001w"}}
{"logTime": "0622/015852", "correlationVector":"JFV7TPuWFBXtF7onFmp1w1.2","action":"Commit Response", "result":"Success", "context":Result: Success. cV=JFV7TPuWFBXtF7onFmp1w1.0;server=akswtt10100001w;cloudType=Consumer;environment=Prod_brazilsouth_prod-s01-034-sam-brazilsouth;migrationStage=NotStarted}
{"logTime": "0622/020746", "correlationVector":"BwIANeO+LYGeifN4RN4ZoO.1","action":"SyncServerConnectionManagerRequest", "result":"SYNC_SERVER_OK", "context":{"environment":"Prod_brazilsouth_prod-s01-001-sam-brazilsouth", "migrationStage":"NotStarted", "server":"akswtt00500002f"}}
{"logTime": "0622/020746", "correlationVector":"BwIANeO+LYGeifN4RN4ZoO.2","action":"ProcessGetUpdates", "result":"Done", "context":{"dataType":"Encryption Keys", "deleted":"0", "process_failed_to_decrypt":"0", "process_pending_decryption":"0", "process_success":"1", "total":"1"}}
{"logTime": "0622/020747", "correlationVector":"0YAMPDAdjFe9OQK/Wqkotq","action":"SyncServerConnectionManagerRequest", "result":"SYNC_SERVER_OK", "context":{"environment":"", "migrationStage":"", "server":""}}
{"logTime": "0622/020747", "correlationVector":"0YAMPDAdjFe9OQK/Wqkotq.0","action":"EncryptionKeysFetcher.DownloadKeys:", "result":"Success", "context":Key count: 10, Last key timestamp: 2026-05-24T16:24:04Z}
{"logTime": "0622/020747", "correlationVector":"0YAMPDAdjFe9OQK/Wqkotq.1","action":"EncryptionKeysManager::SetEncryptionKeys:", "result":"Success", "context":Key names[10]:[cKLi0/k8jsxOZ5UD0lnl+XnoZg9feqzuhI6G8+w4nVEo/6ciZYshyQquY88DQAg9WtaWQhuox4OrsA08n59ZmA==][SQ0tfFJVtw2jtmbFsszJyAJonJrL18EMSjsyscfVzxWrRQl7QiBA4hzkxDCaUPHUtYZPkDLUccWwoEYuI1r0Wg==][Y8Iqgx9/JH+FhdStJ+nLEWq+guxIWqJxFBb2XbkEQ5w+YCpaodw7zDjdXYg29mM7w0QiV2/eu12ioD7oQSoNrA==][SML4z+ptNvA8h4c/LeBhmBcSQukkmr0ferezf8wMMYSAvq0g6eqFcGqH7UgMVYfrkvLofvwNmb8mO4L0rdqNEQ==][rmrGOu4jOeHQPp3KQ07ECMmyP2SG7iK84/XnKUPyxLuPoeRL6eHygvBXacAIypR0XawZMw6K1G31vGTjliyQwA==][xM41LQcixdaqXnCvO5BC8ZBE+jM+hFdjkxZ8QSE3Y0aDWbU31eH+g+Oyz0KRiytVP0KpFntlvUzWbeeIWZIAUw==][c4cwMxgnQ2Jhty4CbBL7bLrc0JBBvpl3ys0I2MtQa1yqCwHY/G1mi8p3tBBnwYlLzTCFwKb28GvhueCP4oKZuA==][zkj02vCenjo9+AjEqEQoG01Kzh7q6U+ZdN9K6bySAC6oYtSsfsW2qjj2Ii+VYLHiyaeRsYshXCpJ7A2qmSvexw==][9AJXVcnoWpX415OLwhkXMr1ASitUE1dSwEJqJU1430GBVySHrZGF2R+b9rOlN2HsOAQY//dereXq1ZNIqeRjPA==][Qc8V0irKuVIRxzraHo4zkz9kgzvKwEMMwkGc2XvO/yjnIQZ2qtmnuZKYgfEQ2zn9zAwgg8OmPMXyfbe5p83qtQ==]}
{"logTime": "0622/020747", "correlationVector":"0YAMPDAdjFe9OQK/Wqkotq.2","action":"EncryptionKeysManager::SetEncryptionKeysWithTimestamps:", "result":"Success", "context":Key timestamps[10]:[2023-09-18T00:46:22Z][2024-02-18T02:48:14Z][2024-05-20T13:57:10Z][2024-05-28T14:07:41Z][2024-08-09T12:43:37Z][2024-10-21T16:15:29Z][2025-03-04T17:05:30Z][2025-09-03T10:07:40Z][2026-05-15T01:09:18Z][2026-05-24T16:24:04Z]}
{"logTime": "0622/020747", "correlationVector":"BwIANeO+LYGeifN4RN4ZoO","action":"Initial GetUpdates", "result":"", "context":Reason: NEW_CLIENT. cV=BwIANeO+LYGeifN4RN4ZoO}
{"logTime": "0622/020747", "correlationVector":"BwIANeO+LYGeifN4RN4ZoO.3","action":"GetUpdates Response", "result":"Success", "context":Received 1 update(s). cV=BwIANeO+LYGeifN4RN4ZoO.0;server=akswtt00500002f;cloudType=Consumer;environment=Prod_brazilsouth_prod-s01-001-sam-brazilsouth;migrationStage=NotStarted}
{"logTime": "0622/020747", "correlationVector":"Ph9WuNQ9RDiRiKKooCMhb0","action":"Initial GetUpdates", "result":"", "context":Reason: NEWLY_SUPPORTED_DATATYPE. cV=Ph9WuNQ9RDiRiKKooCMhb0}
{"logTime": "0622/020747", "correlationVector":"Ph9WuNQ9RDiRiKKooCMhb0.1","action":"SyncServerConnectionManagerRequest", "result":"SYNC_SERVER_OK", "context":{"environment":"Prod_brazilsouth_prod-s01-001-sam-brazilsouth", "migrationStage":"NotStarted", "server":"akswtt00500001c"}}
{"logTime": "0622/020747", "correlationVector":"Ph9WuNQ9RDiRiKKooCMhb0.2","action":"ProcessGetUpdates", "result":"Done", "context":{"dataType":"Passwords", "deleted":"0", "process_failed_to_decrypt":"0", "process_pending_decryption":"0", "process_success":"1", "total":"1"}}
{"logTime": "0622/020747", "correlationVector":"Ph9WuNQ9RDiRiKKooCMhb0.3","action":"GetUpdates Response", "result":"Success", "context":Received 1 update(s). cV=Ph9WuNQ9RDiRiKKooCMhb0.0;server=akswtt00500001c;cloudType=Consumer;environment=Prod_brazilsouth_prod-s01-001-sam-brazilsouth;migrationStage=NotStarted}
{"logTime": "0622/020747", "correlationVector":"uFhObTwXezHpIhPdh4CXfS","action":"Normal GetUpdate request", "result":"", "context":cV=uFhObTwXezHpIhPdh4CXfS
Nudged types: Sessions, History
Refresh requested types: Bookmarks, Preferences, Passwords, Autofill Profiles, Autofill, Extensions, Sessions, Extension settings, History Delete Directives, Device Info, User Consents, Send Tab To Self, Web Apps, History, Saved Tab Group, WebAuthn Credentials, Edge E Drop, Edge Hub App Usage, Edge Wallet, Edge Workspace, Encryption Keys}
{"logTime": "0622/020747", "correlationVector":"uFhObTwXezHpIhPdh4CXfS.1","action":"SyncServerConnectionManagerRequest", "result":"SYNC_SERVER_OK", "context":{"environment":"Prod_brazilsouth_prod-s01-001-sam-brazilsouth", "migrationStage":"NotStarted", "server":"akswtt005000018"}}
{"logTime": "0622/020747", "correlationVector":"uFhObTwXezHpIhPdh4CXfS.2","action":"ProcessGetUpdates", "result":"Done", "context":{"dataType":"Preferences", "deleted":"0", "process_failed_to_decrypt":"0", "process_pending_decryption":"0", "process_success":"2", "total":"2"}}
{"logTime": "0622/020747", "correlationVector":"uFhObTwXezHpIhPdh4CXfS.3","action":"ProcessGetUpdates", "result":"Done", "context":{"dataType":"Sessions", "deleted":"0", "process_failed_to_decrypt":"0", "process_pending_decryption":"0", "process_success":"2", "total":"2"}}
{"logTime": "0622/020747", "correlationVector":"uFhObTwXezHpIhPdh4CXfS.4","action":"ProcessGetUpdates", "result":"Done", "context":{"dataType":"Device Info", "deleted":"0", "process_failed_to_decrypt":"0", "process_pending_decryption":"0", "process_success":"1", "total":"1"}}
{"logTime": "0622/020747", "correlationVector":"uFhObTwXezHpIhPdh4CXfS.5","action":"GetUpdates Response", "result":"Success", "context":Received 5 update(s). cV=uFhObTwXezHpIhPdh4CXfS.0;server=akswtt005000018;cloudType=Consumer;environment=Prod_brazilsouth_prod-s01-001-sam-brazilsouth;migrationStage=NotStarted}
{"logTime": "0622/020747", "correlationVector":"g8BIrKFl7h4mFT/GI3BiLn","action":"Commit Request", "result":"", "context":Item count: 17
Contributing types: Sessions, History}
{"logTime": "0622/020747", "correlationVector":"g8BIrKFl7h4mFT/GI3BiLn.1","action":"SyncServerConnectionManagerRequest", "result":"SYNC_SERVER_OK", "context":{"environment":"Prod_brazilsouth_prod-s01-001-sam-brazilsouth", "migrationStage":"NotStarted", "server":"akswtt005000021"}}
{"logTime": "0622/020747", "correlationVector":"g8BIrKFl7h4mFT/GI3BiLn.2","action":"Commit Response", "result":"Success", "context":Result: Success. cV=g8BIrKFl7h4mFT/GI3BiLn.0;server=akswtt005000021;cloudType=Consumer;environment=Prod_brazilsouth_prod-s01-001-sam-brazilsouth;migrationStage=NotStarted}
{"logTime": "0622/020847", "correlationVector":"btRwSdWClzFXNGrDiUlhhK","action":"Commit Request", "result":"", "context":Item count: 19
Contributing types: Sessions, History}
{"logTime": "0622/020848", "correlationVector":"btRwSdWClzFXNGrDiUlhhK.1","action":"SyncServerConnectionManagerRequest", "result":"SYNC_SERVER_OK", "context":{"environment":"Prod_brazilsouth_prod-s01-001-sam-brazilsouth", "migrationStage":"NotStarted", "server":"akswtt00500001z"}}
{"logTime": "0622/020848", "correlationVector":"btRwSdWClzFXNGrDiUlhhK.2","action":"Commit Response", "result":"Success", "context":Result: Success. cV=btRwSdWClzFXNGrDiUlhhK.0;server=akswtt00500001z;cloudType=Consumer;environment=Prod_brazilsouth_prod-s01-001-sam-brazilsouth;migrationStage=NotStarted}
{"logTime": "0622/020848", "correlationVector":"btRwSdWClzFXNGrDiUlhhK.3","action":"Commit.Sessions", "result":"Success", "context":{"id":"4d6f0eb2-0d76-4707-b749-4798901290d5", "isDeleted":"true", "size":"0", "version":"1782094067777"}}
{"logTime": "0622/021315", "correlationVector":"K1Dr1ARtA/7pjAgtCxr5Gm","action":"Commit Request", "result":"", "context":Item count: 3
Contributing types: Sessions, History}
{"logTime": "0622/021315", "correlationVector":"K1Dr1ARtA/7pjAgtCxr5Gm.1","action":"SyncServerConnectionManagerRequest", "result":"SYNC_SERVER_OK", "context":{"environment":"Prod_brazilsouth_prod-s01-034-sam-brazilsouth", "migrationStage":"NotStarted", "server":"akswtt10100001r"}}
{"logTime": "0622/021315", "correlationVector":"K1Dr1ARtA/7pjAgtCxr5Gm.2","action":"Commit Response", "result":"Success", "context":Result: Success. cV=K1Dr1ARtA/7pjAgtCxr5Gm.0;server=akswtt10100001r;cloudType=Consumer;environment=Prod_brazilsouth_prod-s01-034-sam-brazilsouth;migrationStage=NotStarted}
{"logTime": "0622/021608", "correlationVector":"TBGuRgBopEOQMfe8uQopCV","action":"Commit Request", "result":"", "context":Item count: 4
Contributing types: Sessions, History}
{"logTime": "0622/021609", "correlationVector":"TBGuRgBopEOQMfe8uQopCV.1","action":"SyncServerConnectionManagerRequest", "result":"SYNC_SERVER_OK", "context":{"environment":"Prod_brazilsouth_prod-s01-001-sam-brazilsouth", "migrationStage":"NotStarted", "server":"akswtt00500001g"}}
{"logTime": "0622/021609", "correlationVector":"TBGuRgBopEOQMfe8uQopCV.2","action":"Commit Response", "result":"Success", "context":Result: Success. cV=TBGuRgBopEOQMfe8uQopCV.0;server=akswtt00500001g;cloudType=Consumer;environment=Prod_brazilsouth_prod-s01-001-sam-brazilsouth;migrationStage=NotStarted}
{"logTime": "0622/021703", "correlationVector":"78JF4DDgRUSmczGYUSmIVD.1","action":"SyncServerConnectionManagerRequest", "result":"SYNC_SERVER_OK", "context":{"environment":"Prod_brazilsouth_prod-s01-034-sam-brazilsouth", "migrationStage":"NotStarted", "server":"akswtt10100001g"}}
{"logTime": "0622/021703", "correlationVector":"78JF4DDgRUSmczGYUSmIVD.2","action":"ProcessGetUpdates", "result":"Done", "context":{"dataType":"Encryption Keys", "deleted":"0", "process_failed_to_decrypt":"0", "process_pending_decryption":"0", "process_success":"1", "total":"1"}}
{"logTime": "0622/021704", "correlationVector":"fBAS94OZDA9+j/Xag6FM1J","action":"SyncServerConnectionManagerRequest", "result":"SYNC_SERVER_OK", "context":{"environment":"", "migrationStage":"", "server":""}}
{"logTime": "0622/021704", "correlationVector":"fBAS94OZDA9+j/Xag6FM1J.0","action":"EncryptionKeysFetcher.DownloadKeys:", "result":"Success", "context":Key count: 10, Last key timestamp: 2026-05-24T16:24:04Z}
{"logTime": "0622/021704", "correlationVector":"fBAS94OZDA9+j/Xag6FM1J.1","action":"EncryptionKeysManager::SetEncryptionKeys:", "result":"Success", "context":Key names[10]:[cKLi0/k8jsxOZ5UD0lnl+XnoZg9feqzuhI6G8+w4nVEo/6ciZYshyQquY88DQAg9WtaWQhuox4OrsA08n59ZmA==][SQ0tfFJVtw2jtmbFsszJyAJonJrL18EMSjsyscfVzxWrRQl7QiBA4hzkxDCaUPHUtYZPkDLUccWwoEYuI1r0Wg==][Y8Iqgx9/JH+FhdStJ+nLEWq+guxIWqJxFBb2XbkEQ5w+YCpaodw7zDjdXYg29mM7w0QiV2/eu12ioD7oQSoNrA==][SML4z+ptNvA8h4c/LeBhmBcSQukkmr0ferezf8wMMYSAvq0g6eqFcGqH7UgMVYfrkvLofvwNmb8mO4L0rdqNEQ==][rmrGOu4jOeHQPp3KQ07ECMmyP2SG7iK84/XnKUPyxLuPoeRL6eHygvBXacAIypR0XawZMw6K1G31vGTjliyQwA==][xM41LQcixdaqXnCvO5BC8ZBE+jM+hFdjkxZ8QSE3Y0aDWbU31eH+g+Oyz0KRiytVP0KpFntlvUzWbeeIWZIAUw==][c4cwMxgnQ2Jhty4CbBL7bLrc0JBBvpl3ys0I2MtQa1yqCwHY/G1mi8p3tBBnwYlLzTCFwKb28GvhueCP4oKZuA==][zkj02vCenjo9+AjEqEQoG01Kzh7q6U+ZdN9K6bySAC6oYtSsfsW2qjj2Ii+VYLHiyaeRsYshXCpJ7A2qmSvexw==][9AJXVcnoWpX415OLwhkXMr1ASitUE1dSwEJqJU1430GBVySHrZGF2R+b9rOlN2HsOAQY//dereXq1ZNIqeRjPA==][Qc8V0irKuVIRxzraHo4zkz9kgzvKwEMMwkGc2XvO/yjnIQZ2qtmnuZKYgfEQ2zn9zAwgg8OmPMXyfbe5p83qtQ==]}
{"logTime": "0622/021704", "correlationVector":"fBAS94OZDA9+j/Xag6FM1J.2","action":"EncryptionKeysManager::SetEncryptionKeysWithTimestamps:", "result":"Success", "context":Key timestamps[10]:[2023-09-18T00:46:22Z][2024-02-18T02:48:14Z][2024-05-20T13:57:10Z][2024-05-28T14:07:41Z][2024-08-09T12:43:37Z][2024-10-21T16:15:29Z][2025-03-04T17:05:30Z][2025-09-03T10:07:40Z][2026-05-15T01:09:18Z][2026-05-24T16:24:04Z]}
{"logTime": "0622/021704", "correlationVector":"78JF4DDgRUSmczGYUSmIVD","action":"Initial GetUpdates", "result":"", "context":Reason: NEW_CLIENT. cV=78JF4DDgRUSmczGYUSmIVD}
{"logTime": "0622/021704", "correlationVector":"78JF4DDgRUSmczGYUSmIVD.3","action":"GetUpdates Response", "result":"Success", "context":Received 1 update(s). cV=78JF4DDgRUSmczGYUSmIVD.0;server=akswtt10100001g;cloudType=Consumer;environment=Prod_brazilsouth_prod-s01-034-sam-brazilsouth;migrationStage=NotStarted}
{"logTime": "0622/021704", "correlationVector":"Q5yOx0CaP4qHBOiaxItk+5","action":"Initial GetUpdates", "result":"", "context":Reason: NEWLY_SUPPORTED_DATATYPE. cV=Q5yOx0CaP4qHBOiaxItk+5}
{"logTime": "0622/021704", "correlationVector":"Q5yOx0CaP4qHBOiaxItk+5.1","action":"SyncServerConnectionManagerRequest", "result":"SYNC_SERVER_OK", "context":{"environment":"Prod_brazilsouth_prod-s01-034-sam-brazilsouth", "migrationStage":"NotStarted", "server":"akswtt10100001g"}}
{"logTime": "0622/021704", "correlationVector":"Q5yOx0CaP4qHBOiaxItk+5.2","action":"ProcessGetUpdates", "result":"Done", "context":{"dataType":"Preferences", "deleted":"0", "process_failed_to_decrypt":"0", "process_pending_decryption":"0", "process_success":"75", "total":"75"}}
{"logTime": "0622/021704", "correlationVector":"Q5yOx0CaP4qHBOiaxItk+5.3","action":"ProcessGetUpdates", "result":"Done", "context":{"dataType":"Passwords", "deleted":"0", "process_failed_to_decrypt":"0", "process_pending_decryption":"0", "process_success":"1", "total":"1"}}
{"logTime": "0622/021704", "correlationVector":"Q5yOx0CaP4qHBOiaxItk+5.4","action":"ProcessGetUpdates", "result":"Done", "context":{"dataType":"Device Info", "deleted":"0", "process_failed_to_decrypt":"0", "process_pending_decryption":"0", "process_success":"8", "total":"8"}}
{"logTime": "0622/021704", "correlationVector":"Q5yOx0CaP4qHBOiaxItk+5.5","action":"GetUpdates Response", "result":"Success", "context":Received 84 update(s). cV=Q5yOx0CaP4qHBOiaxItk+5.0;server=akswtt10100001g;cloudType=Consumer;environment=Prod_brazilsouth_prod-s01-034-sam-brazilsouth;migrationStage=NotStarted}
{"logTime": "0622/021704", "correlationVector":"di5JYr/y9wh0jNDDHrE2c3","action":"Initial GetUpdates", "result":"", "context":Reason: NEWLY_SUPPORTED_DATATYPE. cV=di5JYr/y9wh0jNDDHrE2c3}
{"logTime": "0622/021704", "correlationVector":"di5JYr/y9wh0jNDDHrE2c3.1","action":"SyncServerConnectionManagerRequest", "result":"SYNC_SERVER_OK", "context":{"environment":"Prod_brazilsouth_prod-s01-034-sam-brazilsouth", "migrationStage":"NotStarted", "server":"akswtt10100001p"}}
{"logTime": "0622/021704", "correlationVector":"di5JYr/y9wh0jNDDHrE2c3.2","action":"ProcessGetUpdates", "result":"Done", "context":{"dataType":"Bookmarks", "deleted":"0", "process_failed_to_decrypt":"0", "process_pending_decryption":"0", "process_success":"6", "total":"6"}}
{"logTime": "0622/021704", "correlationVector":"di5JYr/y9wh0jNDDHrE2c3.3","action":"GetUpdates Response", "result":"Success", "context":Received 6 update(s). cV=di5JYr/y9wh0jNDDHrE2c3.0;server=akswtt10100001p;cloudType=Consumer;environment=Prod_brazilsouth_prod-s01-034-sam-brazilsouth;migrationStage=NotStarted}
{"logTime": "0622/021704", "correlationVector":"DOaca0CEjuYYDeeWrZgDwv","action":"Initial GetUpdates", "result":"", "context":Reason: NEWLY_SUPPORTED_DATATYPE. cV=DOaca0CEjuYYDeeWrZgDwv}
{"logTime": "0622/021704", "correlationVector":"DOaca0CEjuYYDeeWrZgDwv.1","action":"SyncServerConnectionManagerRequest", "result":"SYNC_SERVER_OK", "context":{"environment":"Prod_brazilsouth_prod-s01-034-sam-brazilsouth", "migrationStage":"NotStarted", "server":"akswtt101000018"}}
{"logTime": "0622/021704", "correlationVector":"DOaca0CEjuYYDeeWrZgDwv.2","action":"ProcessGetUpdates", "result":"Done", "context":{"dataType":"Autofill", "deleted":"0", "process_failed_to_decrypt":"0", "process_pending_decryption":"0", "process_success":"7", "total":"7"}}
{"logTime": "0622/021704", "correlationVector":"DOaca0CEjuYYDeeWrZgDwv.3","action":"ProcessGetUpdates", "result":"Done", "context":{"dataType":"Extensions", "deleted":"0", "process_failed_to_decrypt":"0", "process_pending_decryption":"0", "process_success":"5", "total":"5"}}
{"logTime": "0622/021704", "correlationVector":"DOaca0CEjuYYDeeWrZgDwv.4","action":"ProcessGetUpdates", "result":"Done", "context":{"dataType":"Sessions", "deleted":"1", "process_failed_to_decrypt":"0", "process_pending_decryption":"0", "process_success":"3", "total":"3"}}
{"logTime": "0622/021704", "correlationVector":"DOaca0CEjuYYDeeWrZgDwv.5","action":"GetUpdates Response", "result":"Success", "context":Received 15 update(s). cV=DOaca0CEjuYYDeeWrZgDwv.0;server=akswtt101000018;cloudType=Consumer;environment=Prod_brazilsouth_prod-s01-034-sam-brazilsouth;migrationStage=NotStarted}
{"logTime": "0622/021704", "correlationVector":"fKbniJJ85My/QTLTKLpC1Z","action":"Initial GetUpdates", "result":"", "context":Reason: NEWLY_SUPPORTED_DATATYPE. cV=fKbniJJ85My/QTLTKLpC1Z}
{"logTime": "0622/021704", "correlationVector":"fKbniJJ85My/QTLTKLpC1Z.1","action":"SyncServerConnectionManagerRequest", "result":"SYNC_SERVER_OK", "context":{"environment":"Prod_brazilsouth_prod-s01-034-sam-brazilsouth", "migrationStage":"NotStarted", "server":"akswtt10100001q"}}
{"logTime": "0622/021704", "correlationVector":"fKbniJJ85My/QTLTKLpC1Z.2","action":"ProcessGetUpdates", "result":"Done", "context":{"dataType":"History", "deleted":"0", "process_failed_to_decrypt":"0", "process_pending_decryption":"0", "process_success":"34", "total":"34"}}
{"logTime": "0622/021704", "correlationVector":"fKbniJJ85My/QTLTKLpC1Z.3","action":"GetUpdates Response", "result":"Success", "context":Received 34 update(s). cV=fKbniJJ85My/QTLTKLpC1Z.0;server=akswtt10100001q;cloudType=Consumer;environment=Prod_brazilsouth_prod-s01-034-sam-brazilsouth;migrationStage=NotStarted}
{"logTime": "0622/021704", "correlationVector":"wqKafdb8Wsi2nyJkvnZZDo","action":"Normal GetUpdate request", "result":"", "context":cV=wqKafdb8Wsi2nyJkvnZZDo
Nudged types: Sessions, Device Info
Refresh requested types: Bookmarks, Preferences, Passwords, Autofill Profiles, Autofill, Extensions, Sessions, Extension settings, History Delete Directives, Device Info, User Consents, Send Tab To Self, Web Apps, History, Saved Tab Group, WebAuthn Credentials, Edge E Drop, Edge Hub App Usage, Edge Wallet, Edge Workspace, Encryption Keys}
{"logTime": "0622/021704", "correlationVector":"wqKafdb8Wsi2nyJkvnZZDo.1","action":"SyncServerConnectionManagerRequest", "result":"SYNC_SERVER_OK", "context":{"environment":"Prod_brazilsouth_prod-s01-034-sam-brazilsouth", "migrationStage":"NotStarted", "server":"akswtt10100001g"}}
{"logTime": "0622/021704", "correlationVector":"wqKafdb8Wsi2nyJkvnZZDo.2","action":"GetUpdates Response", "result":"Success", "context":Received 0 update(s). cV=wqKafdb8Wsi2nyJkvnZZDo.0;server=akswtt10100001g;cloudType=Consumer;environment=Prod_brazilsouth_prod-s01-034-sam-brazilsouth;migrationStage=NotStarted}
{"logTime": "0622/021704", "correlationVector":"fZ/WgPulPslabk63K1Nnu5","action":"DoCompareDataConsistency requsted types: ", "result":"Bookmarks, Preferences, Passwords, Extensions, Extension settings, History Delete Directives, Send Tab To Self, Web Apps, History, Saved Tab Group, WebAuthn Credentials, Edge E Drop, Edge Wallet, Edge Workspace, Encryption Keys"}
{"logTime": "0622/021704", "correlationVector":"fZ/WgPulPslabk63K1Nnu5.0","action":"CompareDataConsistency result: ", "result":"Compare result: Encryption Keys is consistent. local entities count is: 1 local entities hash is: qa/QnKZby+Je4f1RhUNK1NByRaA="}
{"logTime": "0622/021704", "correlationVector":"fZ/WgPulPslabk63K1Nnu5.1","action":"CompareDataConsistency result: ", "result":"Compare result: Bookmarks is consistent. local entities count is: 0 local entities hash is: "}
{"logTime": "0622/021704", "correlationVector":"fZ/WgPulPslabk63K1Nnu5.2","action":"CompareDataConsistency result: ", "result":"Compare result: Preferences is consistent. local entities count is: 75 local entities hash is: O86jaWbTw/vdyzbpourljUbslkE="}
{"logTime": "0622/021704", "correlationVector":"fZ/WgPulPslabk63K1Nnu5.3","action":"CompareDataConsistency result: ", "result":"Compare result: Extensions is consistent. local entities count is: 5 local entities hash is: ZVGQy6R7HiKdd3pr6QHkp0Wuvws="}
{"logTime": "0622/021704", "correlationVector":"fZ/WgPulPslabk63K1Nnu5.4","action":"CompareDataConsistency result: ", "result":"Compare result: Extension settings is consistent. local entities count is: 0 local entities hash is: "}
{"logTime": "0622/021704", "correlationVector":"fZ/WgPulPslabk63K1Nnu5.5","action":"CompareDataConsistency result: ", "result":"Compare result: History Delete Directives is consistent. local entities count is: 0 local entities hash is: "}
{"logTime": "0622/021704", "correlationVector":"fZ/WgPulPslabk63K1Nnu5.6","action":"CompareDataConsistency result: ", "result":"Server did not send this Send Tab To Self local entities count is: 0 local entities hash is: "}
{"logTime": "0622/021704", "correlationVector":"fZ/WgPulPslabk63K1Nnu5.7","action":"CompareDataConsistency result: ", "result":"Compare result: Web Apps is consistent. local entities count is: 0 local entities hash is: "}
{"logTime": "0622/021704", "correlationVector":"fZ/WgPulPslabk63K1Nnu5.8","action":"CompareDataConsistency result: ", "result":"Server did not send this History local entities count is: 0 local entities hash is: "}
{"logTime": "0622/021704", "correlationVector":"fZ/WgPulPslabk63K1Nnu5.9","action":"CompareDataConsistency result: ", "result":"Compare result: Saved Tab Group is consistent. local entities count is: 0 local entities hash is: "}
{"logTime": "0622/021704", "correlationVector":"fZ/WgPulPslabk63K1Nnu5.10","action":"CompareDataConsistency result: ", "result":"Server did not send this WebAuthn Credentials local entities count is: 0 local entities hash is: "}
{"logTime": "0622/021704", "correlationVector":"fZ/WgPulPslabk63K1Nnu5.11","action":"CompareDataConsistency result: ", "result":"Compare result: Edge E Drop is consistent. local entities count is: 0 local entities hash is: "}
{"logTime": "0622/021704", "correlationVector":"fZ/WgPulPslabk63K1Nnu5.12","action":"CompareDataConsistency result: ", "result":"Compare result: Edge Wallet is consistent. local entities count is: 0 local entities hash is: "}
{"logTime": "0622/021704", "correlationVector":"fZ/WgPulPslabk63K1Nnu5.13","action":"CompareDataConsistency result: ", "result":"Server did not send this Edge Workspace local entities count is: 0 local entities hash is: "}
{"logTime": "0622/021704", "correlationVector":"fZ/WgPulPslabk63K1Nnu5.14","action":"CompareDataConsistency result: ", "result":"Compare result: Passwords is consistent. local entities count is: 1 local entities hash is: yAZ9gMorI7RKDKygPNgJulPbmtc="}
{"logTime": "0622/021704", "correlationVector":"KG1fOuC2GDhmzPSmjZcjoP","action":"Commit Request", "result":"", "context":Item count: 3
Contributing types: Sessions, Device Info}
{"logTime": "0622/021705", "correlationVector":"KG1fOuC2GDhmzPSmjZcjoP.1","action":"SyncServerConnectionManagerRequest", "result":"SYNC_SERVER_OK", "context":{"environment":"Prod_brazilsouth_prod-s01-001-sam-brazilsouth", "migrationStage":"NotStarted", "server":"akswtt00500001c"}}
{"logTime": "0622/021705", "correlationVector":"KG1fOuC2GDhmzPSmjZcjoP.2","action":"Commit Response", "result":"Success", "context":Result: Success. cV=KG1fOuC2GDhmzPSmjZcjoP.0;server=akswtt00500001c;cloudType=Consumer;environment=Prod_brazilsouth_prod-s01-001-sam-brazilsouth;migrationStage=NotStarted}
{"logTime": "0622/021705", "correlationVector":"","action":"DIAGNOSTIC_REQUEST|v1/diagnosticData/Diagnostic.SendCheckResult()|SUCCESS", "result":""}
{"logTime": "0622/021809", "correlationVector":"GFIYHxLbDaJOtbwLAWA4dJ","action":"Commit Request", "result":"", "context":Item count: 2
Contributing types: Sessions, History}
{"logTime": "0622/021809", "correlationVector":"GFIYHxLbDaJOtbwLAWA4dJ.1","action":"SyncServerConnectionManagerRequest", "result":"SYNC_SERVER_OK", "context":{"environment":"Prod_brazilsouth_prod-s01-001-sam-brazilsouth", "migrationStage":"NotStarted", "server":"akswtt00500001w"}}
{"logTime": "0622/021809", "correlationVector":"GFIYHxLbDaJOtbwLAWA4dJ.2","action":"Commit Response", "result":"Success", "context":Result: Success. cV=GFIYHxLbDaJOtbwLAWA4dJ.0;server=akswtt00500001w;cloudType=Consumer;environment=Prod_brazilsouth_prod-s01-001-sam-brazilsouth;migrationStage=NotStarted}
