2026-06-22 01:58:47.735: [INFO][Sync] Reset engine, reason: 8
2026-06-22 01:58:47.735: [INFO][Sync] Stopped: Bookmarks
2026-06-22 01:58:47.735: [INFO][Sync] Stopped: Preferences
2026-06-22 01:58:47.735: [INFO][Sync] Stopped: Passwords
2026-06-22 01:58:47.735: [INFO][Sync] Stopped: Autofill Profiles
2026-06-22 01:58:47.735: [INFO][Sync] Stopped: Autofill
2026-06-22 01:58:47.735: [INFO][Sync] Stopped: Extensions
2026-06-22 01:58:47.735: [INFO][Sync] Stopped: Sessions
2026-06-22 01:58:47.735: [INFO][Sync] Stopped: Extension settings
2026-06-22 01:58:47.735: [INFO][Sync] Stopped: History Delete Directives
2026-06-22 01:58:47.735: [INFO][Sync] Stopped: Device Info
2026-06-22 01:58:47.735: [INFO][Sync] Stopped: User Consents
2026-06-22 01:58:47.735: [INFO][Sync] Stopped: Send Tab To Self
2026-06-22 01:58:47.735: [INFO][Sync] Stopped: Web Apps
2026-06-22 01:58:47.735: [INFO][Sync] Stopped: History
2026-06-22 01:58:47.735: [INFO][Sync] Stopped: Saved Tab Group
2026-06-22 01:58:47.735: [INFO][Sync] Stopped: WebAuthn Credentials
2026-06-22 01:58:47.735: [INFO][Sync] Stopped: Edge E Drop
2026-06-22 01:58:47.735: [INFO][Sync] Stopped: Edge Hub App Usage
2026-06-22 01:58:47.735: [INFO][Sync] Stopped: Edge Journey
2026-06-22 01:58:47.735: [INFO][Sync] Stopped: Edge Wallet
2026-06-22 01:58:47.736: [INFO][Sync] Stopped: Edge Workspace
2026-06-22 01:58:47.736: [INFO][Sync] SyncState after authenticated was: NotSignedIn
2026-06-22 01:58:47.942: [INFO][Sync] Reset engine, reason: 8
2026-06-22 01:58:47.942: [INFO][Sync] Stopped: Bookmarks
2026-06-22 01:58:47.942: [INFO][Sync] Stopped: Preferences
2026-06-22 01:58:47.942: [INFO][Sync] Stopped: Passwords
2026-06-22 01:58:47.942: [INFO][Sync] Stopped: Autofill Profiles
2026-06-22 01:58:47.942: [INFO][Sync] Stopped: Autofill
2026-06-22 01:58:47.942: [INFO][Sync] Stopped: Extensions
2026-06-22 01:58:47.942: [INFO][Sync] Stopped: Sessions
2026-06-22 01:58:47.942: [INFO][Sync] Stopped: Extension settings
2026-06-22 01:58:47.942: [INFO][Sync] Stopped: History Delete Directives
2026-06-22 01:58:47.942: [INFO][Sync] Stopped: Device Info
2026-06-22 01:58:47.942: [INFO][Sync] Stopped: User Consents
2026-06-22 01:58:47.942: [INFO][Sync] Stopped: Send Tab To Self
2026-06-22 01:58:47.942: [INFO][Sync] Stopped: Web Apps
2026-06-22 01:58:47.942: [INFO][Sync] Stopped: History
2026-06-22 01:58:47.942: [INFO][Sync] Stopped: Saved Tab Group
2026-06-22 01:58:47.942: [INFO][Sync] Stopped: WebAuthn Credentials
2026-06-22 01:58:47.942: [INFO][Sync] Stopped: Edge E Drop
2026-06-22 01:58:47.942: [INFO][Sync] Stopped: Edge Hub App Usage
2026-06-22 01:58:47.942: [INFO][Sync] Stopped: Edge Journey
2026-06-22 01:58:47.942: [INFO][Sync] Stopped: Edge Wallet
2026-06-22 01:58:47.942: [INFO][Sync] Stopped: Edge Workspace
2026-06-22 01:58:49.924: [INFO][Sync] Try to start sync engine
2026-06-22 01:58:49.939: [INFO][SyncManagerImpl::NudgeForInitialDownload] Initial download nudge for Encryption Keys
2026-06-22 01:58:49.939: [INFO][SyncEngineBackend::LoadAndConnectNigoriController] Load and connect Nigori controller
2026-06-22 01:58:49.939: [INFO][SyncEngineBackend::DoInitialize] Control Types added: Encryption Keys
2026-06-22 01:58:49.939: [INFO][SyncManagerImpl::ConfigureSyncer] Types to download: Encryption Keys with reason: 3
2026-06-22 01:58:49.940: [INFO][SyncSchedulerImpl::DoConfigurationSyncCycleJob] Configure job was blocked
2026-06-22 01:58:50.652: [INFO][SyncAuthManager::SetLastAuthError] Current auth error: None
2026-06-22 01:58:50.652: [INFO][SyncAuthManager::EdgeLogTokenErrorState] Token error with: None for account type: MSA
2026-06-22 01:58:50.652: [INFO][Sync] Credentials changed for: EdgeSyncKeyDataScope
2026-06-22 01:58:50.652: [INFO][SyncEngineBackend::DoUpdateKeyDataCredentials] Update key data credentials
2026-06-22 01:58:50.681: [INFO][SyncAuthManager::SetLastAuthError] Current auth error: None
2026-06-22 01:58:50.681: [INFO][SyncAuthManager::EdgeLogTokenErrorState] Token error with: None for account type: MSA
2026-06-22 01:58:50.681: [INFO][Sync] Credentials changed for: EdgeSyncScopeNew
2026-06-22 01:58:50.681: [INFO][SyncEngineBackend::DoUpdateCredentials] Update credentials
2026-06-22 01:58:50.682: [INFO][SyncEngineBackend::DoUpdateKeyDataCredentials] Update key data credentials
2026-06-22 01:58:50.682: [INFO][SyncSchedulerImpl::DoConfigurationSyncCycleJob] Blocked types:  and types to download: Encryption Keys
2026-06-22 01:58:51.083: [INFO][Sync] Started DataTypeManager configuration, reason: 4
2026-06-22 01:58:51.084: [INFO][Sync] Configuring for: Bookmarks, Preferences, Passwords, Autofill Profiles, Autofill, Extensions, Sessions, Extension settings, History Delete Directives, Device Info, User Consents, Send Tab To Self, Web Apps, History, Saved Tab Group, WebAuthn Credentials, Edge E Drop, Edge Hub App Usage, Edge Wallet, Edge Workspace, Encryption Keys, reason: 3, current state: 0
2026-06-22 01:58:51.084: [WARN][Sync] Crypto error data types: Passwords, Autofill Profiles, Autofill
2026-06-22 01:58:51.087: [INFO][Sync] Configure, desired: Bookmarks, Preferences, Extensions, Sessions, Extension settings, History Delete Directives, Device Info, User Consents, Send Tab To Self, Web Apps, History, Saved Tab Group, WebAuthn Credentials, Edge E Drop, Edge Hub App Usage, Edge Wallet, Edge Workspace, Encryption Keys; Allow fail: Passwords, Autofill Profiles, Autofill
2026-06-22 01:58:51.087: [INFO][Sync] Loading: Bookmarks
2026-06-22 01:58:51.087: [INFO][Sync] Loading: Preferences
2026-06-22 01:58:51.088: [INFO][Sync] Loading: Extensions
2026-06-22 01:58:51.088: [INFO][Sync] Loading: Sessions
2026-06-22 01:58:51.089: [INFO][Sync] Loading: Extension settings
2026-06-22 01:58:51.089: [INFO][Sync] Loading: History Delete Directives
2026-06-22 01:58:51.089: [INFO][Sync] Loading: Device Info
2026-06-22 01:58:51.091: [INFO][Sync] Loading: User Consents
2026-06-22 01:58:51.091: [INFO][Sync] Loading: Send Tab To Self
2026-06-22 01:58:51.091: [INFO][Sync] Loading: Web Apps
2026-06-22 01:58:51.091: [INFO][Sync] Loading: History
2026-06-22 01:58:51.091: [INFO][Sync] Loading: Saved Tab Group
2026-06-22 01:58:51.091: [INFO][Sync] Loading: WebAuthn Credentials
2026-06-22 01:58:51.091: [INFO][Sync] Loading: Edge E Drop
2026-06-22 01:58:51.091: [INFO][Sync] Loading: Edge Hub App Usage
2026-06-22 01:58:51.091: [INFO][Sync] Loading: Edge Wallet
2026-06-22 01:58:51.091: [INFO][Sync] Loading: Edge Workspace
2026-06-22 01:58:51.095: [INFO][Sync] All data types are ready for configure.
2026-06-22 01:58:51.743: [INFO][Sync] Started DataTypeManager configuration, reason: 5
2026-06-22 01:58:51.743: [INFO][Sync] Configuring for: Bookmarks, Preferences, Passwords, Autofill Profiles, Autofill, Extensions, Sessions, Extension settings, History Delete Directives, Device Info, User Consents, Send Tab To Self, Web Apps, History, Saved Tab Group, WebAuthn Credentials, Edge E Drop, Edge Hub App Usage, Edge Wallet, Edge Workspace, Encryption Keys, reason: 5, current state: 1
2026-06-22 01:58:51.749: [INFO][SyncEngineBackend::DoStartConfiguration] Start configuration
2026-06-22 01:58:51.749: [INFO][SyncManagerImpl::NudgeForInitialDownload] Initial download nudge for Bookmarks
2026-06-22 01:58:51.749: [INFO][SyncManagerImpl::NudgeForInitialDownload] Initial download nudge for Preferences
2026-06-22 01:58:51.749: [INFO][SyncManagerImpl::NudgeForInitialDownload] Initial download nudge for Extensions
2026-06-22 01:58:51.749: [INFO][SyncManagerImpl::NudgeForInitialDownload] Initial download nudge for Sessions
2026-06-22 01:58:51.749: [INFO][SyncManagerImpl::NudgeForInitialDownload] Initial download nudge for Extension settings
2026-06-22 01:58:51.749: [INFO][SyncManagerImpl::NudgeForInitialDownload] Initial download nudge for History Delete Directives
2026-06-22 01:58:51.750: [INFO][SyncManagerImpl::NudgeForInitialDownload] Initial download nudge for Device Info
2026-06-22 01:58:51.750: [INFO][SyncManagerImpl::NudgeForInitialDownload] Initial download nudge for Send Tab To Self
2026-06-22 01:58:51.750: [INFO][SyncManagerImpl::NudgeForInitialDownload] Initial download nudge for Web Apps
2026-06-22 01:58:51.750: [INFO][SyncManagerImpl::NudgeForInitialDownload] Initial download nudge for History
2026-06-22 01:58:51.750: [INFO][SyncManagerImpl::NudgeForInitialDownload] Initial download nudge for Saved Tab Group
2026-06-22 01:58:51.750: [INFO][SyncManagerImpl::NudgeForInitialDownload] Initial download nudge for WebAuthn Credentials
2026-06-22 01:58:51.750: [INFO][SyncManagerImpl::NudgeForInitialDownload] Initial download nudge for Edge E Drop
2026-06-22 01:58:51.750: [INFO][SyncManagerImpl::NudgeForInitialDownload] Initial download nudge for Edge Hub App Usage
2026-06-22 01:58:51.750: [INFO][SyncManagerImpl::NudgeForInitialDownload] Initial download nudge for Edge Wallet
2026-06-22 01:58:51.750: [INFO][SyncManagerImpl::NudgeForInitialDownload] Initial download nudge for Edge Workspace
2026-06-22 01:58:51.750: [INFO][SyncManagerImpl::ConfigureSyncer] Types to download:  with reason: 3
2026-06-22 01:58:51.750: [INFO][SyncEngineBackend::DoFinishConfigureDataTypes] Failed to download types:  and succeeded types: 
2026-06-22 01:58:51.751: [INFO][Sync] ConfigurationDone, failed: , succeeded: , remaining count: 4
2026-06-22 01:58:51.751: [WARN][Sync]     Reconfigure requested while configuration ongoing.
2026-06-22 01:58:51.751: [INFO][Sync] Configuring for: Bookmarks, Preferences, Passwords, Autofill Profiles, Autofill, Extensions, Sessions, Extension settings, History Delete Directives, Device Info, User Consents, Send Tab To Self, Web Apps, History, Saved Tab Group, WebAuthn Credentials, Edge E Drop, Edge Hub App Usage, Edge Wallet, Edge Workspace, Encryption Keys, reason: 5, current state: 2
2026-06-22 01:58:51.751: [INFO][Sync] Configure, desired: Bookmarks, Preferences, Passwords, Autofill Profiles, Autofill, Extensions, Sessions, Extension settings, History Delete Directives, Device Info, User Consents, Send Tab To Self, Web Apps, History, Saved Tab Group, WebAuthn Credentials, Edge E Drop, Edge Hub App Usage, Edge Wallet, Edge Workspace, Encryption Keys; Allow fail: 
2026-06-22 01:58:51.751: [INFO][Sync] Loading: Passwords
2026-06-22 01:58:51.751: [INFO][Sync] Loading: Autofill Profiles
2026-06-22 01:58:51.751: [INFO][Sync] Loading: Autofill
2026-06-22 01:58:51.751: [INFO][Sync] All data types are ready for configure.
2026-06-22 01:58:51.751: [INFO][SyncManagerImpl::NudgeForInitialDownload] Initial download nudge for Passwords
2026-06-22 01:58:51.751: [INFO][SyncManagerImpl::NudgeForInitialDownload] Initial download nudge for Autofill Profiles
2026-06-22 01:58:51.751: [INFO][SyncManagerImpl::NudgeForInitialDownload] Initial download nudge for Autofill
2026-06-22 01:58:51.751: [INFO][SyncManagerImpl::ConfigureSyncer] Types to download:  with reason: 5
2026-06-22 01:58:51.751: [INFO][SyncEngineBackend::DoFinishConfigureDataTypes] Failed to download types:  and succeeded types: 
2026-06-22 01:58:51.751: [INFO][Sync] ConfigurationDone, failed: , succeeded: , remaining count: 4
2026-06-22 01:58:51.751: [INFO][Sync] Prepare to configure types: Preferences, Passwords, Device Info, Send Tab To Self, Edge E Drop, Encryption Keys
2026-06-22 01:58:51.751: [INFO][SyncManagerImpl::ConfigureSyncer] Types to download: Preferences, Passwords, Device Info, Send Tab To Self, Edge E Drop, Encryption Keys with reason: 5
2026-06-22 01:58:51.751: [INFO][SyncSchedulerImpl::DoConfigurationSyncCycleJob] Blocked types:  and types to download: Preferences, Passwords, Device Info, Send Tab To Self, Edge E Drop, Encryption Keys
2026-06-22 01:58:51.929: [INFO][SyncEngineBackend::DoFinishConfigureDataTypes] Failed to download types:  and succeeded types: Preferences, Passwords, Device Info, Send Tab To Self, Edge E Drop, Encryption Keys
2026-06-22 01:58:51.960: [INFO][Sync] ConfigurationDone, failed: , succeeded: Preferences, Passwords, Device Info, Send Tab To Self, Edge E Drop, Encryption Keys, remaining count: 3
2026-06-22 01:58:51.960: [INFO][Sync] Prepare to configure types: Bookmarks, Encryption Keys
2026-06-22 01:58:51.960: [INFO][SyncManagerImpl::ConfigureSyncer] Types to download: Bookmarks, Encryption Keys with reason: 5
2026-06-22 01:58:51.960: [INFO][SyncSchedulerImpl::DoConfigurationSyncCycleJob] Blocked types:  and types to download: Bookmarks, Encryption Keys
2026-06-22 01:58:52.033: [INFO][SyncEngineBackend::DoFinishConfigureDataTypes] Failed to download types:  and succeeded types: Bookmarks, Encryption Keys
2026-06-22 01:58:52.036: [INFO][Sync] ConfigurationDone, failed: , succeeded: Bookmarks, Encryption Keys, remaining count: 2
2026-06-22 01:58:52.036: [INFO][Sync] Prepare to configure types: Autofill Profiles, Autofill, Extensions, Sessions, Extension settings, History Delete Directives, Web Apps, Saved Tab Group, WebAuthn Credentials, Edge Hub App Usage, Edge Wallet, Edge Workspace, Encryption Keys
2026-06-22 01:58:52.036: [INFO][SyncManagerImpl::ConfigureSyncer] Types to download: Autofill Profiles, Autofill, Extensions, Sessions, Extension settings, History Delete Directives, Web Apps, Saved Tab Group, WebAuthn Credentials, Edge Hub App Usage, Edge Wallet, Edge Workspace, Encryption Keys with reason: 5
2026-06-22 01:58:52.036: [INFO][SyncSchedulerImpl::DoConfigurationSyncCycleJob] Blocked types:  and types to download: Autofill Profiles, Autofill, Extensions, Sessions, Extension settings, History Delete Directives, Web Apps, Saved Tab Group, WebAuthn Credentials, Edge Hub App Usage, Edge Wallet, Edge Workspace, Encryption Keys
2026-06-22 01:58:52.139: [INFO][SyncEngineBackend::DoFinishConfigureDataTypes] Failed to download types:  and succeeded types: Autofill Profiles, Autofill, Extensions, Sessions, Extension settings, History Delete Directives, Web Apps, Saved Tab Group, WebAuthn Credentials, Edge Hub App Usage, Edge Wallet, Edge Workspace, Encryption Keys
2026-06-22 01:58:52.141: [INFO][Sync] ConfigurationDone, failed: , succeeded: Autofill Profiles, Autofill, Extensions, Sessions, Extension settings, History Delete Directives, Web Apps, Saved Tab Group, WebAuthn Credentials, Edge Hub App Usage, Edge Wallet, Edge Workspace, Encryption Keys, remaining count: 1
2026-06-22 01:58:52.144: [INFO][Sync] Prepare to configure types: History, Encryption Keys
2026-06-22 01:58:52.144: [INFO][SyncManagerImpl::ConfigureSyncer] Types to download: History, Encryption Keys with reason: 5
2026-06-22 01:58:52.144: [INFO][SyncSchedulerImpl::DoConfigurationSyncCycleJob] Blocked types:  and types to download: History, Encryption Keys
2026-06-22 01:58:52.230: [INFO][SyncEngineBackend::DoFinishConfigureDataTypes] Failed to download types:  and succeeded types: History, Encryption Keys
2026-06-22 01:58:52.232: [INFO][Sync] ConfigurationDone, failed: , succeeded: History, Encryption Keys, remaining count: 0
2026-06-22 01:58:52.234: [INFO][Sync]     Configuration completed, state: 7
2026-06-22 01:58:52.235: [INFO][Sync] Configured DataTypeManager: Ok
2026-06-22 01:58:52.240: [INFO][SyncEngineBackend::DoStartSyncing] Start syncing
2026-06-22 01:59:21.845: [INFO][Sync] Reset engine, reason: 0
2026-06-22 01:59:21.845: [INFO][Sync] Reset engine with reason: 0
2026-06-22 02:07:38.381: [INFO][Sync] SyncState after authenticated was: FeatureCanStart
2026-06-22 02:07:40.281: [INFO][SyncAuthManager::SetLastAuthError] Current auth error: None
2026-06-22 02:07:40.281: [INFO][SyncAuthManager::EdgeLogTokenErrorState] Token error with: None for account type: MSA
2026-06-22 02:07:40.281: [INFO][Sync] Credentials changed for: EdgeSyncKeyDataScope
2026-06-22 02:07:46.509: [INFO][Sync] Try to start sync engine
2026-06-22 02:07:46.511: [INFO][SyncManagerImpl::NudgeForInitialDownload] Initial download nudge for Encryption Keys
2026-06-22 02:07:46.511: [INFO][SyncEngineBackend::LoadAndConnectNigoriController] Load and connect Nigori controller
2026-06-22 02:07:46.511: [INFO][SyncEngineBackend::DoInitialize] Control Types added: Encryption Keys
2026-06-22 02:07:46.511: [INFO][SyncManagerImpl::ConfigureSyncer] Types to download: Encryption Keys with reason: 3
2026-06-22 02:07:46.511: [INFO][SyncEngineBackend::DoUpdateKeyDataCredentials] Update key data credentials
2026-06-22 02:07:46.511: [INFO][SyncSchedulerImpl::DoConfigurationSyncCycleJob] Configure job was blocked
2026-06-22 02:07:46.515: [INFO][SyncAuthManager::SetLastAuthError] Current auth error: None
2026-06-22 02:07:46.515: [INFO][SyncAuthManager::EdgeLogTokenErrorState] Token error with: None for account type: MSA
2026-06-22 02:07:46.515: [INFO][Sync] Credentials changed for: EdgeSyncScopeNew
2026-06-22 02:07:46.515: [INFO][SyncEngineBackend::DoUpdateCredentials] Update credentials
2026-06-22 02:07:46.515: [INFO][SyncSchedulerImpl::DoConfigurationSyncCycleJob] Blocked types:  and types to download: Encryption Keys
2026-06-22 02:07:46.643: [INFO][SyncEngineBackend::DoUpdateKeyDataCredentials] Update key data credentials
2026-06-22 02:07:46.649: [INFO][Sync] Started DataTypeManager configuration, reason: 4
2026-06-22 02:07:46.649: [INFO][Sync] Configuring for: Bookmarks, Preferences, Passwords, Autofill Profiles, Autofill, Extensions, Sessions, Extension settings, History Delete Directives, Device Info, User Consents, Send Tab To Self, Web Apps, History, Saved Tab Group, WebAuthn Credentials, Edge E Drop, Edge Hub App Usage, Edge Wallet, Edge Workspace, Encryption Keys, reason: 4, current state: 0
2026-06-22 02:07:46.649: [WARN][Sync] Crypto error data types: Passwords, Autofill Profiles, Autofill
2026-06-22 02:07:46.651: [INFO][Sync] Configure, desired: Bookmarks, Preferences, Extensions, Sessions, Extension settings, History Delete Directives, Device Info, User Consents, Send Tab To Self, Web Apps, History, Saved Tab Group, WebAuthn Credentials, Edge E Drop, Edge Hub App Usage, Edge Wallet, Edge Workspace, Encryption Keys; Allow fail: Passwords, Autofill Profiles, Autofill
2026-06-22 02:07:46.651: [INFO][Sync] Loading: Bookmarks
2026-06-22 02:07:46.651: [INFO][Sync] Loading: Preferences
2026-06-22 02:07:46.651: [INFO][Sync] Loading: Extensions
2026-06-22 02:07:46.651: [INFO][Sync] Loading: Sessions
2026-06-22 02:07:46.651: [INFO][Sync] Loading: Extension settings
2026-06-22 02:07:46.651: [INFO][Sync] Loading: History Delete Directives
2026-06-22 02:07:46.651: [INFO][Sync] Loading: Device Info
2026-06-22 02:07:46.651: [INFO][Sync] Loading: User Consents
2026-06-22 02:07:46.651: [INFO][Sync] Loading: Send Tab To Self
2026-06-22 02:07:46.651: [INFO][Sync] Loading: Web Apps
2026-06-22 02:07:46.651: [INFO][Sync] Loading: History
2026-06-22 02:07:46.651: [INFO][Sync] Loading: Saved Tab Group
2026-06-22 02:07:46.652: [INFO][Sync] Loading: WebAuthn Credentials
2026-06-22 02:07:46.652: [INFO][Sync] Loading: Edge E Drop
2026-06-22 02:07:46.652: [INFO][Sync] Loading: Edge Hub App Usage
2026-06-22 02:07:46.652: [INFO][Sync] Loading: Edge Wallet
2026-06-22 02:07:46.652: [INFO][Sync] Loading: Edge Workspace
2026-06-22 02:07:46.658: [INFO][Sync] All data types are ready for configure.
2026-06-22 02:07:47.106: [INFO][Sync] Started DataTypeManager configuration, reason: 5
2026-06-22 02:07:47.106: [INFO][Sync] Configuring for: Bookmarks, Preferences, Passwords, Autofill Profiles, Autofill, Extensions, Sessions, Extension settings, History Delete Directives, Device Info, User Consents, Send Tab To Self, Web Apps, History, Saved Tab Group, WebAuthn Credentials, Edge E Drop, Edge Hub App Usage, Edge Wallet, Edge Workspace, Encryption Keys, reason: 5, current state: 1
2026-06-22 02:07:47.116: [INFO][SyncEngineBackend::DoStartConfiguration] Start configuration
2026-06-22 02:07:47.116: [INFO][SyncManagerImpl::ConfigureSyncer] Types to download:  with reason: 4
2026-06-22 02:07:47.116: [INFO][SyncEngineBackend::DoFinishConfigureDataTypes] Failed to download types:  and succeeded types: 
2026-06-22 02:07:47.116: [INFO][Sync] ConfigurationDone, failed: , succeeded: , remaining count: 4
2026-06-22 02:07:47.116: [WARN][Sync]     Reconfigure requested while configuration ongoing.
2026-06-22 02:07:47.116: [INFO][Sync] Configuring for: Bookmarks, Preferences, Passwords, Autofill Profiles, Autofill, Extensions, Sessions, Extension settings, History Delete Directives, Device Info, User Consents, Send Tab To Self, Web Apps, History, Saved Tab Group, WebAuthn Credentials, Edge E Drop, Edge Hub App Usage, Edge Wallet, Edge Workspace, Encryption Keys, reason: 5, current state: 2
2026-06-22 02:07:47.116: [INFO][Sync] Configure, desired: Bookmarks, Preferences, Passwords, Autofill Profiles, Autofill, Extensions, Sessions, Extension settings, History Delete Directives, Device Info, User Consents, Send Tab To Self, Web Apps, History, Saved Tab Group, WebAuthn Credentials, Edge E Drop, Edge Hub App Usage, Edge Wallet, Edge Workspace, Encryption Keys; Allow fail: 
2026-06-22 02:07:47.116: [INFO][Sync] Loading: Passwords
2026-06-22 02:07:47.116: [INFO][Sync] Loading: Autofill Profiles
2026-06-22 02:07:47.116: [INFO][Sync] Loading: Autofill
2026-06-22 02:07:47.116: [INFO][Sync] All data types are ready for configure.
2026-06-22 02:07:47.116: [INFO][SyncManagerImpl::NudgeForInitialDownload] Initial download nudge for Passwords
2026-06-22 02:07:47.116: [INFO][SyncManagerImpl::ConfigureSyncer] Types to download:  with reason: 5
2026-06-22 02:07:47.116: [INFO][SyncEngineBackend::DoFinishConfigureDataTypes] Failed to download types:  and succeeded types: 
2026-06-22 02:07:47.116: [INFO][Sync] ConfigurationDone, failed: , succeeded: , remaining count: 4
2026-06-22 02:07:47.116: [INFO][Sync] Prepare to configure types: Passwords, Encryption Keys
2026-06-22 02:07:47.117: [INFO][SyncManagerImpl::ConfigureSyncer] Types to download: Passwords, Encryption Keys with reason: 5
2026-06-22 02:07:47.117: [INFO][SyncSchedulerImpl::DoConfigurationSyncCycleJob] Blocked types:  and types to download: Passwords, Encryption Keys
2026-06-22 02:07:47.192: [INFO][SyncEngineBackend::DoFinishConfigureDataTypes] Failed to download types:  and succeeded types: Passwords, Encryption Keys
2026-06-22 02:07:47.194: [INFO][Sync] ConfigurationDone, failed: , succeeded: Passwords, Encryption Keys, remaining count: 3
2026-06-22 02:07:47.194: [INFO][SyncManagerImpl::ConfigureSyncer] Types to download:  with reason: 5
2026-06-22 02:07:47.194: [INFO][SyncEngineBackend::DoFinishConfigureDataTypes] Failed to download types:  and succeeded types: 
2026-06-22 02:07:47.195: [INFO][Sync] ConfigurationDone, failed: , succeeded: , remaining count: 2
2026-06-22 02:07:47.195: [INFO][SyncManagerImpl::ConfigureSyncer] Types to download:  with reason: 5
2026-06-22 02:07:47.195: [INFO][SyncEngineBackend::DoFinishConfigureDataTypes] Failed to download types:  and succeeded types: 
2026-06-22 02:07:47.195: [INFO][Sync] ConfigurationDone, failed: , succeeded: , remaining count: 1
2026-06-22 02:07:47.197: [INFO][SyncManagerImpl::ConfigureSyncer] Types to download:  with reason: 5
2026-06-22 02:07:47.197: [INFO][SyncEngineBackend::DoFinishConfigureDataTypes] Failed to download types:  and succeeded types: 
2026-06-22 02:07:47.199: [INFO][Sync] ConfigurationDone, failed: , succeeded: , remaining count: 0
2026-06-22 02:07:47.201: [INFO][Sync]     Configuration completed, state: 7
2026-06-22 02:07:47.202: [INFO][Sync] Configured DataTypeManager: Ok
2026-06-22 02:07:47.205: [INFO][SyncEngineBackend::DoStartSyncing] Start syncing
2026-06-22 02:16:25.387: [INFO][Sync] Reset engine, reason: 0
2026-06-22 02:16:25.387: [INFO][Sync] Reset engine with reason: 0
2026-06-22 02:17:01.082: [INFO][Sync] Reset engine, reason: 8
2026-06-22 02:17:01.082: [INFO][Sync] Stopped: Bookmarks
2026-06-22 02:17:01.082: [INFO][Sync] Stopped: Preferences
2026-06-22 02:17:01.082: [INFO][Sync] Stopped: Passwords
2026-06-22 02:17:01.082: [INFO][Sync] Stopped: Autofill Profiles
2026-06-22 02:17:01.082: [INFO][Sync] Stopped: Autofill
2026-06-22 02:17:01.082: [INFO][Sync] Stopped: Extensions
2026-06-22 02:17:01.082: [INFO][Sync] Stopped: Sessions
2026-06-22 02:17:01.082: [INFO][Sync] Stopped: Extension settings
2026-06-22 02:17:01.082: [INFO][Sync] Stopped: History Delete Directives
2026-06-22 02:17:01.082: [INFO][Sync] Stopped: Device Info
2026-06-22 02:17:01.082: [INFO][Sync] Stopped: User Consents
2026-06-22 02:17:01.082: [INFO][Sync] Stopped: Send Tab To Self
2026-06-22 02:17:01.082: [INFO][Sync] Stopped: Web Apps
2026-06-22 02:17:01.082: [INFO][Sync] Stopped: History
2026-06-22 02:17:01.082: [INFO][Sync] Stopped: Saved Tab Group
2026-06-22 02:17:01.082: [INFO][Sync] Stopped: WebAuthn Credentials
2026-06-22 02:17:01.082: [INFO][Sync] Stopped: Edge E Drop
2026-06-22 02:17:01.082: [INFO][Sync] Stopped: Edge Hub App Usage
2026-06-22 02:17:01.082: [INFO][Sync] Stopped: Edge Journey
2026-06-22 02:17:01.082: [INFO][Sync] Stopped: Edge Wallet
2026-06-22 02:17:01.082: [INFO][Sync] Stopped: Edge Workspace
2026-06-22 02:17:01.082: [INFO][Sync] SyncState after authenticated was: NotSignedIn
2026-06-22 02:17:01.260: [INFO][Sync] Reset engine, reason: 8
2026-06-22 02:17:01.260: [INFO][Sync] Stopped: Bookmarks
2026-06-22 02:17:01.260: [INFO][Sync] Stopped: Preferences
2026-06-22 02:17:01.260: [INFO][Sync] Stopped: Passwords
2026-06-22 02:17:01.260: [INFO][Sync] Stopped: Autofill Profiles
2026-06-22 02:17:01.260: [INFO][Sync] Stopped: Autofill
2026-06-22 02:17:01.260: [INFO][Sync] Stopped: Extensions
2026-06-22 02:17:01.260: [INFO][Sync] Stopped: Sessions
2026-06-22 02:17:01.260: [INFO][Sync] Stopped: Extension settings
2026-06-22 02:17:01.260: [INFO][Sync] Stopped: History Delete Directives
2026-06-22 02:17:01.260: [INFO][Sync] Stopped: Device Info
2026-06-22 02:17:01.260: [INFO][Sync] Stopped: User Consents
2026-06-22 02:17:01.260: [INFO][Sync] Stopped: Send Tab To Self
2026-06-22 02:17:01.260: [INFO][Sync] Stopped: Web Apps
2026-06-22 02:17:01.260: [INFO][Sync] Stopped: History
2026-06-22 02:17:01.260: [INFO][Sync] Stopped: Saved Tab Group
2026-06-22 02:17:01.260: [INFO][Sync] Stopped: WebAuthn Credentials
2026-06-22 02:17:01.260: [INFO][Sync] Stopped: Edge E Drop
2026-06-22 02:17:01.260: [INFO][Sync] Stopped: Edge Hub App Usage
2026-06-22 02:17:01.260: [INFO][Sync] Stopped: Edge Journey
2026-06-22 02:17:01.260: [INFO][Sync] Stopped: Edge Wallet
2026-06-22 02:17:01.260: [INFO][Sync] Stopped: Edge Workspace
2026-06-22 02:17:03.242: [INFO][Sync] Try to start sync engine
2026-06-22 02:17:03.244: [INFO][SyncManagerImpl::NudgeForInitialDownload] Initial download nudge for Encryption Keys
2026-06-22 02:17:03.244: [INFO][SyncEngineBackend::LoadAndConnectNigoriController] Load and connect Nigori controller
2026-06-22 02:17:03.244: [INFO][SyncEngineBackend::DoInitialize] Control Types added: Encryption Keys
2026-06-22 02:17:03.244: [INFO][SyncManagerImpl::ConfigureSyncer] Types to download: Encryption Keys with reason: 3
2026-06-22 02:17:03.244: [INFO][SyncSchedulerImpl::DoConfigurationSyncCycleJob] Configure job was blocked
2026-06-22 02:17:03.270: [INFO][SyncAuthManager::SetLastAuthError] Current auth error: None
2026-06-22 02:17:03.270: [INFO][SyncAuthManager::EdgeLogTokenErrorState] Token error with: None for account type: MSA
2026-06-22 02:17:03.270: [INFO][Sync] Credentials changed for: EdgeSyncScopeNew
2026-06-22 02:17:03.829: [INFO][SyncAuthManager::SetLastAuthError] Current auth error: None
2026-06-22 02:17:03.829: [INFO][SyncAuthManager::EdgeLogTokenErrorState] Token error with: None for account type: MSA
2026-06-22 02:17:03.829: [INFO][Sync] Credentials changed for: EdgeSyncKeyDataScope
2026-06-22 02:17:03.829: [INFO][SyncEngineBackend::DoUpdateKeyDataCredentials] Update key data credentials
2026-06-22 02:17:03.829: [INFO][SyncEngineBackend::DoUpdateCredentials] Update credentials
2026-06-22 02:17:03.829: [INFO][SyncSchedulerImpl::DoConfigurationSyncCycleJob] Blocked types:  and types to download: Encryption Keys
2026-06-22 02:17:03.970: [INFO][Sync] Started DataTypeManager configuration, reason: 4
2026-06-22 02:17:03.970: [INFO][Sync] Configuring for: Bookmarks, Preferences, Passwords, Autofill Profiles, Autofill, Extensions, Sessions, Extension settings, History Delete Directives, Device Info, User Consents, Send Tab To Self, Web Apps, History, Saved Tab Group, WebAuthn Credentials, Edge E Drop, Edge Hub App Usage, Edge Wallet, Edge Workspace, Encryption Keys, reason: 4, current state: 0
2026-06-22 02:17:03.970: [WARN][Sync] Crypto error data types: Passwords, Autofill Profiles, Autofill
2026-06-22 02:17:03.972: [INFO][Sync] Configure, desired: Bookmarks, Preferences, Extensions, Sessions, Extension settings, History Delete Directives, Device Info, User Consents, Send Tab To Self, Web Apps, History, Saved Tab Group, WebAuthn Credentials, Edge E Drop, Edge Hub App Usage, Edge Wallet, Edge Workspace, Encryption Keys; Allow fail: Passwords, Autofill Profiles, Autofill
2026-06-22 02:17:03.972: [INFO][Sync] Loading: Bookmarks
2026-06-22 02:17:03.972: [INFO][Sync] Loading: Preferences
2026-06-22 02:17:03.972: [INFO][Sync] Loading: Extensions
2026-06-22 02:17:03.972: [INFO][Sync] Loading: Sessions
2026-06-22 02:17:03.972: [INFO][Sync] Loading: Extension settings
2026-06-22 02:17:03.972: [INFO][Sync] Loading: History Delete Directives
2026-06-22 02:17:03.972: [INFO][Sync] Loading: Device Info
2026-06-22 02:17:03.972: [INFO][Sync] Loading: User Consents
2026-06-22 02:17:03.972: [INFO][Sync] Loading: Send Tab To Self
2026-06-22 02:17:03.972: [INFO][Sync] Loading: Web Apps
2026-06-22 02:17:03.972: [INFO][Sync] Loading: History
2026-06-22 02:17:03.972: [INFO][Sync] Loading: Saved Tab Group
2026-06-22 02:17:03.972: [INFO][Sync] Loading: WebAuthn Credentials
2026-06-22 02:17:03.972: [INFO][Sync] Loading: Edge E Drop
2026-06-22 02:17:03.972: [INFO][Sync] Loading: Edge Hub App Usage
2026-06-22 02:17:03.972: [INFO][Sync] Loading: Edge Wallet
2026-06-22 02:17:03.972: [INFO][Sync] Loading: Edge Workspace
2026-06-22 02:17:03.978: [INFO][Sync] All data types are ready for configure.
2026-06-22 02:17:04.478: [INFO][Sync] Started DataTypeManager configuration, reason: 5
2026-06-22 02:17:04.478: [INFO][Sync] Configuring for: Bookmarks, Preferences, Passwords, Autofill Profiles, Autofill, Extensions, Sessions, Extension settings, History Delete Directives, Device Info, User Consents, Send Tab To Self, Web Apps, History, Saved Tab Group, WebAuthn Credentials, Edge E Drop, Edge Hub App Usage, Edge Wallet, Edge Workspace, Encryption Keys, reason: 5, current state: 1
2026-06-22 02:17:04.486: [INFO][SyncEngineBackend::DoStartConfiguration] Start configuration
2026-06-22 02:17:04.486: [INFO][SyncManagerImpl::NudgeForInitialDownload] Initial download nudge for Bookmarks
2026-06-22 02:17:04.486: [INFO][SyncManagerImpl::NudgeForInitialDownload] Initial download nudge for Preferences
2026-06-22 02:17:04.486: [INFO][SyncManagerImpl::NudgeForInitialDownload] Initial download nudge for Extensions
2026-06-22 02:17:04.486: [INFO][SyncManagerImpl::NudgeForInitialDownload] Initial download nudge for Sessions
2026-06-22 02:17:04.486: [INFO][SyncManagerImpl::NudgeForInitialDownload] Initial download nudge for Extension settings
2026-06-22 02:17:04.486: [INFO][SyncManagerImpl::NudgeForInitialDownload] Initial download nudge for History Delete Directives
2026-06-22 02:17:04.486: [INFO][SyncManagerImpl::NudgeForInitialDownload] Initial download nudge for Device Info
2026-06-22 02:17:04.486: [INFO][SyncManagerImpl::NudgeForInitialDownload] Initial download nudge for Send Tab To Self
2026-06-22 02:17:04.486: [INFO][SyncManagerImpl::NudgeForInitialDownload] Initial download nudge for Web Apps
2026-06-22 02:17:04.486: [INFO][SyncManagerImpl::NudgeForInitialDownload] Initial download nudge for History
2026-06-22 02:17:04.486: [INFO][SyncManagerImpl::NudgeForInitialDownload] Initial download nudge for Saved Tab Group
2026-06-22 02:17:04.486: [INFO][SyncManagerImpl::NudgeForInitialDownload] Initial download nudge for WebAuthn Credentials
2026-06-22 02:17:04.486: [INFO][SyncManagerImpl::NudgeForInitialDownload] Initial download nudge for Edge E Drop
2026-06-22 02:17:04.486: [INFO][SyncManagerImpl::NudgeForInitialDownload] Initial download nudge for Edge Hub App Usage
2026-06-22 02:17:04.486: [INFO][SyncManagerImpl::NudgeForInitialDownload] Initial download nudge for Edge Wallet
2026-06-22 02:17:04.486: [INFO][SyncManagerImpl::NudgeForInitialDownload] Initial download nudge for Edge Workspace
2026-06-22 02:17:04.486: [INFO][SyncManagerImpl::ConfigureSyncer] Types to download:  with reason: 4
2026-06-22 02:17:04.486: [INFO][SyncEngineBackend::DoFinishConfigureDataTypes] Failed to download types:  and succeeded types: 
2026-06-22 02:17:04.488: [INFO][Sync] ConfigurationDone, failed: , succeeded: , remaining count: 4
2026-06-22 02:17:04.488: [WARN][Sync]     Reconfigure requested while configuration ongoing.
2026-06-22 02:17:04.488: [INFO][Sync] Configuring for: Bookmarks, Preferences, Passwords, Autofill Profiles, Autofill, Extensions, Sessions, Extension settings, History Delete Directives, Device Info, User Consents, Send Tab To Self, Web Apps, History, Saved Tab Group, WebAuthn Credentials, Edge E Drop, Edge Hub App Usage, Edge Wallet, Edge Workspace, Encryption Keys, reason: 5, current state: 2
2026-06-22 02:17:04.488: [INFO][Sync] Configure, desired: Bookmarks, Preferences, Passwords, Autofill Profiles, Autofill, Extensions, Sessions, Extension settings, History Delete Directives, Device Info, User Consents, Send Tab To Self, Web Apps, History, Saved Tab Group, WebAuthn Credentials, Edge E Drop, Edge Hub App Usage, Edge Wallet, Edge Workspace, Encryption Keys; Allow fail: 
2026-06-22 02:17:04.488: [INFO][Sync] Loading: Passwords
2026-06-22 02:17:04.488: [INFO][Sync] Loading: Autofill Profiles
2026-06-22 02:17:04.488: [INFO][Sync] Loading: Autofill
2026-06-22 02:17:04.488: [INFO][Sync] All data types are ready for configure.
2026-06-22 02:17:04.488: [INFO][SyncManagerImpl::NudgeForInitialDownload] Initial download nudge for Passwords
2026-06-22 02:17:04.488: [INFO][SyncManagerImpl::NudgeForInitialDownload] Initial download nudge for Autofill Profiles
2026-06-22 02:17:04.488: [INFO][SyncManagerImpl::NudgeForInitialDownload] Initial download nudge for Autofill
2026-06-22 02:17:04.488: [INFO][SyncManagerImpl::ConfigureSyncer] Types to download:  with reason: 5
2026-06-22 02:17:04.488: [INFO][SyncEngineBackend::DoFinishConfigureDataTypes] Failed to download types:  and succeeded types: 
2026-06-22 02:17:04.488: [INFO][Sync] ConfigurationDone, failed: , succeeded: , remaining count: 4
2026-06-22 02:17:04.488: [INFO][Sync] Prepare to configure types: Preferences, Passwords, Device Info, Send Tab To Self, Edge E Drop, Encryption Keys
2026-06-22 02:17:04.488: [INFO][SyncManagerImpl::ConfigureSyncer] Types to download: Preferences, Passwords, Device Info, Send Tab To Self, Edge E Drop, Encryption Keys with reason: 5
2026-06-22 02:17:04.488: [INFO][SyncSchedulerImpl::DoConfigurationSyncCycleJob] Blocked types:  and types to download: Preferences, Passwords, Device Info, Send Tab To Self, Edge E Drop, Encryption Keys
2026-06-22 02:17:04.594: [INFO][SyncEngineBackend::DoFinishConfigureDataTypes] Failed to download types:  and succeeded types: Preferences, Passwords, Device Info, Send Tab To Self, Edge E Drop, Encryption Keys
2026-06-22 02:17:04.598: [INFO][Sync] ConfigurationDone, failed: , succeeded: Preferences, Passwords, Device Info, Send Tab To Self, Edge E Drop, Encryption Keys, remaining count: 3
2026-06-22 02:17:04.598: [INFO][Sync] Prepare to configure types: Bookmarks, Encryption Keys
2026-06-22 02:17:04.598: [INFO][SyncManagerImpl::ConfigureSyncer] Types to download: Bookmarks, Encryption Keys with reason: 5
2026-06-22 02:17:04.598: [INFO][SyncSchedulerImpl::DoConfigurationSyncCycleJob] Blocked types:  and types to download: Bookmarks, Encryption Keys
2026-06-22 02:17:04.669: [INFO][SyncEngineBackend::DoFinishConfigureDataTypes] Failed to download types:  and succeeded types: Bookmarks, Encryption Keys
2026-06-22 02:17:04.671: [INFO][Sync] ConfigurationDone, failed: , succeeded: Bookmarks, Encryption Keys, remaining count: 2
2026-06-22 02:17:04.671: [INFO][Sync] Prepare to configure types: Autofill Profiles, Autofill, Extensions, Sessions, Extension settings, History Delete Directives, Web Apps, Saved Tab Group, WebAuthn Credentials, Edge Hub App Usage, Edge Wallet, Edge Workspace, Encryption Keys
2026-06-22 02:17:04.671: [INFO][SyncManagerImpl::ConfigureSyncer] Types to download: Autofill Profiles, Autofill, Extensions, Sessions, Extension settings, History Delete Directives, Web Apps, Saved Tab Group, WebAuthn Credentials, Edge Hub App Usage, Edge Wallet, Edge Workspace, Encryption Keys with reason: 5
2026-06-22 02:17:04.671: [INFO][SyncSchedulerImpl::DoConfigurationSyncCycleJob] Blocked types:  and types to download: Autofill Profiles, Autofill, Extensions, Sessions, Extension settings, History Delete Directives, Web Apps, Saved Tab Group, WebAuthn Credentials, Edge Hub App Usage, Edge Wallet, Edge Workspace, Encryption Keys
2026-06-22 02:17:04.747: [INFO][SyncEngineBackend::DoFinishConfigureDataTypes] Failed to download types:  and succeeded types: Autofill Profiles, Autofill, Extensions, Sessions, Extension settings, History Delete Directives, Web Apps, Saved Tab Group, WebAuthn Credentials, Edge Hub App Usage, Edge Wallet, Edge Workspace, Encryption Keys
2026-06-22 02:17:04.749: [INFO][Sync] ConfigurationDone, failed: , succeeded: Autofill Profiles, Autofill, Extensions, Sessions, Extension settings, History Delete Directives, Web Apps, Saved Tab Group, WebAuthn Credentials, Edge Hub App Usage, Edge Wallet, Edge Workspace, Encryption Keys, remaining count: 1
2026-06-22 02:17:04.752: [INFO][Sync] Prepare to configure types: History, Encryption Keys
2026-06-22 02:17:04.752: [INFO][SyncManagerImpl::ConfigureSyncer] Types to download: History, Encryption Keys with reason: 5
2026-06-22 02:17:04.752: [INFO][SyncSchedulerImpl::DoConfigurationSyncCycleJob] Blocked types:  and types to download: History, Encryption Keys
2026-06-22 02:17:04.846: [INFO][SyncEngineBackend::DoFinishConfigureDataTypes] Failed to download types:  and succeeded types: History, Encryption Keys
2026-06-22 02:17:04.849: [INFO][Sync] ConfigurationDone, failed: , succeeded: History, Encryption Keys, remaining count: 0
2026-06-22 02:17:04.851: [INFO][Sync]     Configuration completed, state: 7
2026-06-22 02:17:04.851: [INFO][Sync] Configured DataTypeManager: Ok
2026-06-22 02:17:04.854: [INFO][SyncEngineBackend::DoStartSyncing] Start syncing
2026-06-22 02:18:25.144: [INFO][Sync] Reset engine, reason: 0
2026-06-22 02:18:25.144: [INFO][Sync] Reset engine with reason: 0
